  monsterworldgame.cpp
C:\Users\alsgu\Desktop\Week7_Homework1\7weeks\7weeks\Canvas.h(6,9): error C3646: 'name': 알 수 없는 재정의 지정자입니다.
C:\Users\alsgu\Desktop\Week7_Homework1\7weeks\7weeks\Canvas.h(6,13): error C2059: 구문 오류: ','
C:\Users\alsgu\Desktop\Week7_Homework1\7weeks\7weeks\Canvas.h(6,19): error C2238: ';' 앞에 예기치 않은 토큰이 있습니다.
C:\Users\alsgu\Desktop\Week7_Homework1\7weeks\7weeks\Canvas.h(22,10): error C2061: 구문 오류: 식별자 'string'
C:\Users\alsgu\Desktop\Week7_Homework1\7weeks\7weeks\Canvas.h(26,12): error C2061: 구문 오류: 식별자 'Canvas'
C:\Users\alsgu\Desktop\Week7_Homework1\7weeks\7weeks\Canvas.h(23,10): error C2065: 'n': 선언되지 않은 식별자입니다.
C:\Users\alsgu\Desktop\Week7_Homework1\7weeks\7weeks\Canvas.h(23,19): error C2065: 'i': 선언되지 않은 식별자입니다.
C:\Users\alsgu\Desktop\Week7_Homework1\7weeks\7weeks\Canvas.h(23,25): error C2065: 'px': 선언되지 않은 식별자입니다.
C:\Users\alsgu\Desktop\Week7_Homework1\7weeks\7weeks\Canvas.h(23,32): error C2065: 'py': 선언되지 않은 식별자입니다.
C:\Users\alsgu\Desktop\Week7_Homework1\7weeks\7weeks\Canvas.h(23,5): error C2614: 'Monster': 멤버 초기화가 잘못되었습니다. 'name'이(가) 기본 또는 멤버가 아닙니다.
C:\Users\alsgu\Desktop\Week7_Homework1\7weeks\7weeks\Canvas.h(23,14): error C2614: 'Monster': 멤버 초기화가 잘못되었습니다. 'icon'이(가) 기본 또는 멤버가 아닙니다.
C:\Users\alsgu\Desktop\Week7_Homework1\7weeks\7weeks\Canvas.h(24,15): error C2065: 'cout': 선언되지 않은 식별자입니다.
C:\Users\alsgu\Desktop\Week7_Homework1\7weeks\7weeks\Canvas.h(24,31): error C2065: 'name': 선언되지 않은 식별자입니다.
C:\Users\alsgu\Desktop\Week7_Homework1\7weeks\7weeks\Canvas.h(24,39): error C2065: 'icon': 선언되지 않은 식별자입니다.
C:\Users\alsgu\Desktop\Week7_Homework1\7weeks\7weeks\Canvas.h(26,30): error C2065: 'canvas': 선언되지 않은 식별자입니다.
C:\Users\alsgu\Desktop\Week7_Homework1\7weeks\7weeks\Canvas.h(26,48): error C2065: 'icon': 선언되지 않은 식별자입니다.
C:\Users\alsgu\Desktop\Week7_Homework1\7weeks\7weeks\Canvas.h(28,11): error C3861: 'rand': 식별자를 찾을 수 없습니다.
C:\Users\alsgu\Desktop\Week7_Homework1\7weeks\7weeks\Canvas.h(41,17): error C2065: 'cout': 선언되지 않은 식별자입니다.
C:\Users\alsgu\Desktop\Week7_Homework1\7weeks\7weeks\Canvas.h(41,33): error C2065: 'name': 선언되지 않은 식별자입니다.
C:\Users\alsgu\Desktop\Week7_Homework1\7weeks\7weeks\Canvas.h(41,41): error C2065: 'icon': 선언되지 않은 식별자입니다.
C:\Users\alsgu\Desktop\Week7_Homework1\7weeks\7weeks\Canvas.h(41,65): error C2065: 'endl': 선언되지 않은 식별자입니다.
C:\Users\alsgu\Desktop\Week7_Homework1\7weeks\7weeks\MonsterWorld.h(29,1): error C2660: 'Monster::draw': 함수는 1개의 인수를 사용하지 않습니다.
C:\Users\alsgu\Desktop\Week7_Homework1\7weeks\7weeks\Canvas.h(26,7): message : 'Monster::draw' 선언을 참조하십시오.
C:\Users\alsgu\Desktop\Week7_Homework1\7weeks\7weeks\monsterworldgame.cpp(4,1): warning C4326: 'main'의 반환 형식이 'int'이어야 하는데 'void'입니다.
C:\Users\alsgu\Desktop\Week7_Homework1\7weeks\7weeks\monsterworldgame.cpp(9,54): error C2661: 'Monster::Monster': 오버로드된 함수에서 4개의 인수를 사용하지 않습니다.
C:\Users\alsgu\Desktop\Week7_Homework1\7weeks\7weeks\monsterworldgame.cpp(11,71): error C2440: '<function-style-cast>': 'initializer list'에서 'Monster'(으)로 변환할 수 없습니다.
C:\Users\alsgu\Desktop\Week7_Homework1\7weeks\7weeks\monsterworldgame.cpp(11,71): message : 소스 형식을 가져올 수 있는 생성자가 없거나 생성자 오버로드 확인이 모호합니다.
C:\Users\alsgu\Desktop\Week7_Homework1\7weeks\7weeks\monsterworldgame.cpp(12,71): error C2440: '<function-style-cast>': 'initializer list'에서 'Monster'(으)로 변환할 수 없습니다.
C:\Users\alsgu\Desktop\Week7_Homework1\7weeks\7weeks\monsterworldgame.cpp(12,71): message : 소스 형식을 가져올 수 있는 생성자가 없거나 생성자 오버로드 확인이 모호합니다.
C:\Users\alsgu\Desktop\Week7_Homework1\7weeks\7weeks\monsterworldgame.cpp(13,71): error C2440: '<function-style-cast>': 'initializer list'에서 'Monster'(으)로 변환할 수 없습니다.
C:\Users\alsgu\Desktop\Week7_Homework1\7weeks\7weeks\monsterworldgame.cpp(13,71): message : 소스 형식을 가져올 수 있는 생성자가 없거나 생성자 오버로드 확인이 모호합니다.
